[0.144] Log: Log file open, 04/04/10 18:45:41
[0.144] Init: BioWare Final Build Version: 1.0.14184.0
[0.144] Init: Command line: 
[0.144] Init: Base directory: C:\Program Files (x86)\Mass Effect\Binaries\
[0.316] Init: CPU Page size=4096, Processors=8
[0.316] Init: High frequency timer resolution =2.607470 MHz
[0.316] Init: Memory total: Phys=4194303K Pagef=4194303K Virt=2097024K
[4.673] Log: Failed to load 'Material None.': Failed to find object 'Material None.'
[4.673] Log: Failed to load 'Material None.': Failed to find object 'Material None.'
[4.673] Log: Failed to load 'Material None.': Failed to find object 'Material None.'
[4.674] Log: Failed to load 'Material None.': Failed to find object 'Material None.'
[4.674] Log: Failed to load 'Material None.': Failed to find object 'Material None.'
[4.694] Log: Failed to load 'Material None.': Failed to find object 'Material None.'
[16.911] Init: Audio Driver: Digital Output (SoundMAX Integrated Digital HD Audio) ({0.0.0.00000000}.{8f23f0f6-7ecb-48aa-8e8e-0f0e8a8c138e})
[17.224] Init: Audio Device: SPDIF Interface (SoundMAX Integrated Digital HD Audio)
[17.439] Init: 60 Free Sources, 2 Reserved
[18.673] Log: >>>>>>>>>>>>>> Initial startup: 18.67s <<<<<<<<<<<<<<<
[19.317] Log: Bio2DA.cpp::CheckedGetIntEntry(): Failed to read row(1902, isNum=0), column(4) in Bio2DA(Talent_TalentEffectLevels)
[19.317] Log: Bio2DA.cpp::CheckedGetFloatEntry(): Failed to read row(1918, isNum=0), column(4) in Bio2DA(Talent_TalentEffectLevels)
[653.881] Log: Bio2DA.cpp::CheckedGetIntEntry(): Failed to read row(1902, isNum=0), column(4) in Bio2DA(Talent_TalentEffectLevels)
[653.881] Log: Bio2DA.cpp::CheckedGetFloatEntry(): Failed to read row(1918, isNum=0), column(4) in Bio2DA(Talent_TalentEffectLevels)
[666.567] Log: Loading Jane00_01 on device Id 0...
[666.816] Log: *** WARNING - PATHS MAY NOT BE VALID ***
[667.550] Log: Bio2DA.cpp::CheckedGetIntEntry(): Failed to read row(1902, isNum=0), column(4) in Bio2DA(Talent_TalentEffectLevels)
[667.550] Log: Bio2DA.cpp::CheckedGetFloatEntry(): Failed to read row(1918, isNum=0), column(4) in Bio2DA(Talent_TalentEffectLevels)
[668.132] Log: Bio2DA.cpp::CheckedGetIntEntry(): Failed to read row(168, isNum=0), column(5) in Bio2DA(Talent_TalentEffectLevels)
[688.399] Warning: Warning, Unable to find conversation speaker to set local variable.
[688.400] Warning: Warning, Conversation 'pro10_banter_00_dlg' is already running, aborting subsequent attempt to start it.
[696.837] Warning: Warning, Unable to find conversation speaker to set local variable.
[773.664] Warning: Warning, UBioItem::ComputeManufacturerStringRef(): failed to find row labelled -1 in manufacturer 2DA
[775.812] Warning: Warning,  UBioAFComponent::GetOwnersTargetBehavior(): Owner is null or owner target is null
[827.917] Warning: Warning, Unable to find conversation speaker to set local variable.
[827.918] Warning: Warning, Conversation 'pro10_banter_00_dlg' is already running, aborting subsequent attempt to start it.
[830.192] Warning: Warning, Conversation 'pro10_banter_00_dlg' is already running, aborting subsequent attempt to start it.
[836.430] Log: Bio2DA.cpp::CheckedGetIntEntry(): Failed to read row(-1, isNum=0), column(2) in Bio2DA(Treasure_Tables_PlotItems)
[850.117] Warning: Warning, Entering a zone with no BioTriggerStream defined
[891.894] Log: Bio2DA.cpp::CheckedGetIntEntry(): Failed to read row(168, isNum=0), column(6) in Bio2DA(Talent_TalentEffectLevels)
[983.106] Log: Bio2DA.cpp::CheckedGetIntEntry(): Failed to read row(-1, isNum=0), column(2) in Bio2DA(Treasure_Tables_PlotItems)
[983.107] Log: Bio2DA.cpp::CheckedGetIntEntry(): Failed to read row(-1, isNum=0), column(2) in Bio2DA(Treasure_Tables_PlotItems)
[983.108] Log: Bio2DA.cpp::CheckedGetIntEntry(): Failed to read row(-1, isNum=0), column(2) in Bio2DA(Treasure_Tables_PlotItems)
[1009.131] Warning: Warning, UBioItem::ComputeManufacturerStringRef(): failed to find row labelled -1 in manufacturer 2DA
[1030.016] Log: Trying to show tutorial SaveGame that is not specified in the tutorials 2DA
[1042.227] Log: Trying to show tutorial SaveGame that is not specified in the tutorials 2DA
[1092.379] Warning: Warning, Attempt to reset actor pro20_m_farmer01 location failed - forcing move
[1092.379] Warning: Warning, Attempt to reset actor ashcutscene_drone1 location failed - forcing move
[1092.380] Warning: Warning, Attempt to reset actor ashcutscene_drone2 location failed - forcing move
[1223.243] BioChallengeScaling: UBioPawnBehavior::ScaleSecondaryAttributes: Warning! Attribute table could not be found! No scaling done for pawn 'BioPawn_17' with type 'hench_humanmale'.
[1223.245] Log: Bio2DA.cpp::CheckedGetIntEntry(): Failed to read row(168, isNum=0), column(6) in Bio2DA(Talent_TalentEffectLevels)
[1223.589] Warning: Warning, UBioItem::ComputeManufacturerStringRef(): failed to find row labelled -1 in manufacturer 2DA
[1256.890] Warning: Warning, UBioItem::ComputeManufacturerStringRef(): failed to find row labelled -1 in manufacturer 2DA
[1278.856] Log: Save took 0.28s to complete.
[1278.856] Log: Saved Jane00_02 on device Id 1
[1288.229] Log: Bio2DA.cpp::CheckedGetIntEntry(): Failed to read row(1902, isNum=0), column(4) in Bio2DA(Talent_TalentEffectLevels)
[1288.229] Log: Bio2DA.cpp::CheckedGetFloatEntry(): Failed to read row(1918, isNum=0), column(4) in Bio2DA(Talent_TalentEffectLevels)
[1333.420] Log: Loading John00_34 on device Id 0...
[1333.670] Log: *** WARNING - PATHS MAY NOT BE VALID ***
[1334.185] BioChallengeScaling: UBioPawnBehavior::ScaleSecondaryAttributes: Warning! Attribute table could not be found! No scaling done for pawn 'BioPawn_25' with type 'human_male'.
[1334.186] Warning: Warning, bio2daprop::SetProperty: Could not find property named m_aspect in class BioGameEffectAttributeString. Object=BioGameEffectAttributeString_0
[1334.186] Warning: Warning, bio2daprop::SetProperty: Could not find property named m_modifier in class BioGameEffectAttributeString. Object=BioGameEffectAttributeString_0
[1334.186] Warning: Warning, bio2daprop::SetProperty: Could not find property named m_aspect in class BioGameEffectAttributeString. Object=BioGameEffectAttributeString_2
[1334.186] Warning: Warning, bio2daprop::SetProperty: Could not find property named m_modifier in class BioGameEffectAttributeString. Object=BioGameEffectAttributeString_2
[1334.187] Warning: Warning, bio2daprop::SetProperty: Could not find property named m_aspect in class BioGameEffectAttributeString. Object=BioGameEffectAttributeString_4
[1334.187] Warning: Warning, bio2daprop::SetProperty: Could not find property named m_modifier in class BioGameEffectAttributeString. Object=BioGameEffectAttributeString_4
[1334.188] Log: Bio2DA.cpp::CheckedGetIntEntry(): Failed to read row(1902, isNum=0), column(4) in Bio2DA(Talent_TalentEffectLevels)
[1334.188] Log: Bio2DA.cpp::CheckedGetFloatEntry(): Failed to read row(1918, isNum=0), column(4) in Bio2DA(Talent_TalentEffectLevels)
[1334.687] BioChallengeScaling: UBioPawnBehavior::ScaleSecondaryAttributes: Warning! Attribute table could not be found! No scaling done for pawn 'BioPawn_26' with type 'hench_krogan'.
[1334.697] Log: Bio2DA.cpp::CheckedGetIntEntry(): Failed to read row(197, isNum=0), column(10) in Bio2DA(Talent_TalentEffectLevels)
[1334.698] Log: Bio2DA.cpp::CheckedGetIntEntry(): Failed to read row(168, isNum=0), column(6) in Bio2DA(Talent_TalentEffectLevels)
[1335.123] BioChallengeScaling: UBioPawnBehavior::ScaleSecondaryAttributes: Warning! Attribute table could not be found! No scaling done for pawn 'BioPawn_27' with type 'hench_turian'.
[1336.219] Warning: Warning, attribute (m_nMaxTargetZones) is of a type that we can't handle
[1336.224] Log: Attribs is NULL!
[1336.224] Log: Attribs is NULL!
[1336.224] Log: Bio2DA.cpp::CheckedGetNameEntry(): Failed to read row(56, isNum=0), column(6) in Bio2DA(Items_Items)
[1336.224] Log: Attribs is NULL!
[1336.224] Log: Attribs is NULL!
[1336.224] Log: Bio2DA.cpp::CheckedGetNameEntry(): Failed to read row(57, isNum=0), column(6) in Bio2DA(Items_Items)
[1336.224] Log: Attribs is NULL!
[1336.224] Log: Attribs is NULL!
[1336.225] Log: Attribs is NULL!
[1337.285] Warning: Warning, attribute (m_nMaxTargetZones) is of a type that we can't handle
[1337.286] Log: Attribs is NULL!
[1337.286] Log: Attribs is NULL!
[1337.286] Log: Bio2DA.cpp::CheckedGetNameEntry(): Failed to read row(57, isNum=0), column(6) in Bio2DA(Items_Items)
[1337.287] Log: Attribs is NULL!
[1337.287] Log: Attribs is NULL!
[1337.287] Log: Bio2DA.cpp::CheckedGetNameEntry(): Failed to read row(56, isNum=0), column(6) in Bio2DA(Items_Items)
[1337.287] Log: Attribs is NULL!
[1337.287] Log: Attribs is NULL!
[1337.288] Log: Attribs is NULL!
[1474.999] Log: Loading John00_34 on device Id 0...
[1475.252] Log: *** WARNING - PATHS MAY NOT BE VALID ***
[1475.694] BioChallengeScaling: UBioPawnBehavior::ScaleSecondaryAttributes: Warning! Attribute table could not be found! No scaling done for pawn 'BioPawn_28' with type 'human_male'.
[1475.696] Log: Bio2DA.cpp::CheckedGetIntEntry(): Failed to read row(1902, isNum=0), column(4) in Bio2DA(Talent_TalentEffectLevels)
[1475.696] Log: Bio2DA.cpp::CheckedGetFloatEntry(): Failed to read row(1918, isNum=0), column(4) in Bio2DA(Talent_TalentEffectLevels)
[1475.870] BioChallengeScaling: UBioPawnBehavior::ScaleSecondaryAttributes: Warning! Attribute table could not be found! No scaling done for pawn 'BioPawn_29' with type 'hench_krogan'.
[1475.881] Log: Bio2DA.cpp::CheckedGetIntEntry(): Failed to read row(197, isNum=0), column(10) in Bio2DA(Talent_TalentEffectLevels)
[1475.881] Log: Bio2DA.cpp::CheckedGetIntEntry(): Failed to read row(168, isNum=0), column(6) in Bio2DA(Talent_TalentEffectLevels)
[1476.007] BioChallengeScaling: UBioPawnBehavior::ScaleSecondaryAttributes: Warning! Attribute table could not be found! No scaling done for pawn 'BioPawn_30' with type 'hench_turian'.
[1476.849] Warning: Warning, attribute (m_nMaxTargetZones) is of a type that we can't handle
[1476.854] Log: Attribs is NULL!
[1476.854] Log: Attribs is NULL!
[1476.854] Log: Bio2DA.cpp::CheckedGetNameEntry(): Failed to read row(56, isNum=0), column(6) in Bio2DA(Items_Items)
[1476.855] Log: Attribs is NULL!
[1476.855] Log: Attribs is NULL!
[1476.855] Log: Bio2DA.cpp::CheckedGetNameEntry(): Failed to read row(57, isNum=0), column(6) in Bio2DA(Items_Items)
[1476.855] Log: Attribs is NULL!
[1476.855] Log: Attribs is NULL!
[1476.856] Log: Attribs is NULL!
[1477.234] Warning: Warning, attribute (m_nMaxTargetZones) is of a type that we can't handle
[1477.236] Log: Attribs is NULL!
[1477.236] Log: Attribs is NULL!
[1477.236] Log: Bio2DA.cpp::CheckedGetNameEntry(): Failed to read row(57, isNum=0), column(6) in Bio2DA(Items_Items)
[1477.236] Log: Attribs is NULL!
[1477.236] Log: Attribs is NULL!
[1477.236] Log: Bio2DA.cpp::CheckedGetNameEntry(): Failed to read row(56, isNum=0), column(6) in Bio2DA(Items_Items)
[1477.236] Log: Attribs is NULL!
[1477.236] Log: Attribs is NULL!
[1477.237] Log: Attribs is NULL!
[1628.711] Log: Loading John00_34 on device Id 0...
[1628.966] Log: *** WARNING - PATHS MAY NOT BE VALID ***
[1629.408] BioChallengeScaling: UBioPawnBehavior::ScaleSecondaryAttributes: Warning! Attribute table could not be found! No scaling done for pawn 'BioPawn_33' with type 'human_male'.
[1629.411] Log: Bio2DA.cpp::CheckedGetIntEntry(): Failed to read row(1902, isNum=0), column(4) in Bio2DA(Talent_TalentEffectLevels)
[1629.411] Log: Bio2DA.cpp::CheckedGetFloatEntry(): Failed to read row(1918, isNum=0), column(4) in Bio2DA(Talent_TalentEffectLevels)
[1629.586] BioChallengeScaling: UBioPawnBehavior::ScaleSecondaryAttributes: Warning! Attribute table could not be found! No scaling done for pawn 'BioPawn_34' with type 'hench_krogan'.
[1629.596] Log: Bio2DA.cpp::CheckedGetIntEntry(): Failed to read row(197, isNum=0), column(10) in Bio2DA(Talent_TalentEffectLevels)
[1629.596] Log: Bio2DA.cpp::CheckedGetIntEntry(): Failed to read row(168, isNum=0), column(6) in Bio2DA(Talent_TalentEffectLevels)
[1629.724] BioChallengeScaling: UBioPawnBehavior::ScaleSecondaryAttributes: Warning! Attribute table could not be found! No scaling done for pawn 'BioPawn_35' with type 'hench_turian'.
[1630.567] Warning: Warning, attribute (m_nMaxTargetZones) is of a type that we can't handle
[1630.572] Log: Attribs is NULL!
[1630.572] Log: Attribs is NULL!
[1630.572] Log: Bio2DA.cpp::CheckedGetNameEntry(): Failed to read row(56, isNum=0), column(6) in Bio2DA(Items_Items)
[1630.572] Log: Attribs is NULL!
[1630.572] Log: Attribs is NULL!
[1630.573] Log: Bio2DA.cpp::CheckedGetNameEntry(): Failed to read row(57, isNum=0), column(6) in Bio2DA(Items_Items)
[1630.573] Log: Attribs is NULL!
[1630.573] Log: Attribs is NULL!
[1630.573] Log: Attribs is NULL!
[1630.960] Warning: Warning, attribute (m_nMaxTargetZones) is of a type that we can't handle
[1630.961] Log: Attribs is NULL!
[1630.961] Log: Attribs is NULL!
[1630.961] Log: Bio2DA.cpp::CheckedGetNameEntry(): Failed to read row(57, isNum=0), column(6) in Bio2DA(Items_Items)
[1630.962] Log: Attribs is NULL!
[1630.962] Log: Attribs is NULL!
[1630.962] Log: Bio2DA.cpp::CheckedGetNameEntry(): Failed to read row(56, isNum=0), column(6) in Bio2DA(Items_Items)
[1630.962] Log: Attribs is NULL!
[1630.962] Log: Attribs is NULL!
[1630.963] Log: Attribs is NULL!
[1704.660] Log: Loading John00_34 on device Id 0...
[1704.918] Log: *** WARNING - PATHS MAY NOT BE VALID ***
[1705.360] BioChallengeScaling: UBioPawnBehavior::ScaleSecondaryAttributes: Warning! Attribute table could not be found! No scaling done for pawn 'BioPawn_37' with type 'human_male'.
[1705.363] Log: Bio2DA.cpp::CheckedGetIntEntry(): Failed to read row(1902, isNum=0), column(4) in Bio2DA(Talent_TalentEffectLevels)
[1705.363] Log: Bio2DA.cpp::CheckedGetFloatEntry(): Failed to read row(1918, isNum=0), column(4) in Bio2DA(Talent_TalentEffectLevels)
[1705.537] BioChallengeScaling: UBioPawnBehavior::ScaleSecondaryAttributes: Warning! Attribute table could not be found! No scaling done for pawn 'BioPawn_38' with type 'hench_krogan'.
[1705.547] Log: Bio2DA.cpp::CheckedGetIntEntry(): Failed to read row(197, isNum=0), column(10) in Bio2DA(Talent_TalentEffectLevels)
[1705.547] Log: Bio2DA.cpp::CheckedGetIntEntry(): Failed to read row(168, isNum=0), column(6) in Bio2DA(Talent_TalentEffectLevels)
[1705.674] BioChallengeScaling: UBioPawnBehavior::ScaleSecondaryAttributes: Warning! Attribute table could not be found! No scaling done for pawn 'BioPawn_39' with type 'hench_turian'.
[1706.518] Warning: Warning, attribute (m_nMaxTargetZones) is of a type that we can't handle
[1706.523] Log: Attribs is NULL!
[1706.523] Log: Attribs is NULL!
[1706.523] Log: Bio2DA.cpp::CheckedGetNameEntry(): Failed to read row(56, isNum=0), column(6) in Bio2DA(Items_Items)
[1706.524] Log: Attribs is NULL!
[1706.524] Log: Attribs is NULL!
[1706.524] Log: Bio2DA.cpp::CheckedGetNameEntry(): Failed to read row(57, isNum=0), column(6) in Bio2DA(Items_Items)
[1706.524] Log: Attribs is NULL!
[1706.524] Log: Attribs is NULL!
[1706.525] Log: Attribs is NULL!
[1706.905] Warning: Warning, attribute (m_nMaxTargetZones) is of a type that we can't handle
[1706.906] Log: Attribs is NULL!
[1706.906] Log: Attribs is NULL!
[1706.907] Log: Bio2DA.cpp::CheckedGetNameEntry(): Failed to read row(57, isNum=0), column(6) in Bio2DA(Items_Items)
[1706.907] Log: Attribs is NULL!
[1706.907] Log: Attribs is NULL!
[1706.907] Log: Bio2DA.cpp::CheckedGetNameEntry(): Failed to read row(56, isNum=0), column(6) in Bio2DA(Items_Items)
[1706.907] Log: Attribs is NULL!
[1706.907] Log: Attribs is NULL!
[1706.908] Log: Attribs is NULL!
